<?xml version="1.0" encoding="UTF-8"?>
<!-- Generated by org.testng.reporters.JUnitXMLReporter -->
<testsuite ignored="0" hostname="DESKTOP-TG07KJ2" failures="0" tests="3" name="Command line test" time="60.025" errors="0" timestamp="2024-09-26T10:58:51 CDT">
  <testcase classname="store.com.SearchStoreByCityStateTest" name="testSearchStoreByCityStateDirections" time="20.556"/>
  <testcase classname="store.com.SearchStoreByInvalidZipCodeTest" name="testUntitledTestCase" time="14.433"/>
  <testcase classname="store.com.SearchStoreByZipCodeTest" name="testSearchStoreByZipCode" time="21.314"/>
</testsuite> <!-- Command line test -->
